<?xml version="1.0" encoding="UTF-8"?>
<coverage generated="1644382054554" clover="3.2.0">
  <project timestamp="1644382054554" name="All files">
    <metrics statements="65" coveredstatements="61" conditionals="64" coveredconditionals="58" methods="21" coveredmethods="21" elements="150" coveredelements="140" complexity="0" loc="65" ncloc="65" packages="2" files="3" classes="3"/>
    <package name="javascript-fundamental">
      <metrics statements="1" coveredstatements="1" conditionals="0" coveredconditionals="0" methods="1" coveredmethods="1"/>
      <file name="main.js" path="/Users/anh.nt/Desktop/Code/javascript/Study/javascript-fundamental/main.js">
        <metrics statements="1" coveredstatements="1" conditionals="0" coveredconditionals="0" methods="1" coveredmethods="1"/>
        <line num="2" count="1" type="stmt"/>
      </file>
    </package>
    <package name="javascript-fundamental.src">
      <metrics statements="64" coveredstatements="60" conditionals="64" coveredconditionals="58" methods="20" coveredmethods="20"/>
      <file name="lab-reduce.js" path="/Users/anh.nt/Desktop/Code/javascript/Study/javascript-fundamental/src/lab-reduce.js">
        <metrics statements="59" coveredstatements="55" conditionals="54" coveredconditionals="48" methods="19" coveredmethods="19"/>
        <line num="7" count="6" type="stmt"/>
        <line num="10" count="1" type="stmt"/>
        <line num="17" count="11" type="stmt"/>
        <line num="20" count="1" type="stmt"/>
        <line num="27" count="1" type="stmt"/>
        <line num="28" count="12" type="cond" truecount="2" falsecount="0"/>
        <line num="29" count="12" type="stmt"/>
        <line num="33" count="1" type="stmt"/>
        <line num="47" count="1" type="stmt"/>
        <line num="54" count="5" type="stmt"/>
        <line num="57" count="1" type="stmt"/>
        <line num="65" count="1" type="stmt"/>
        <line num="73" count="3" type="stmt"/>
        <line num="76" count="1" type="stmt"/>
        <line num="78" count="1" type="stmt"/>
        <line num="86" count="1" type="stmt"/>
        <line num="88" count="12" type="cond" truecount="4" falsecount="0"/>
        <line num="89" count="4" type="stmt"/>
        <line num="90" count="4" type="cond" truecount="2" falsecount="0"/>
        <line num="92" count="12" type="cond" truecount="4" falsecount="0"/>
        <line num="93" count="4" type="stmt"/>
        <line num="94" count="4" type="cond" truecount="2" falsecount="0"/>
        <line num="96" count="12" type="cond" truecount="4" falsecount="0"/>
        <line num="97" count="4" type="stmt"/>
        <line num="98" count="4" type="cond" truecount="2" falsecount="0"/>
        <line num="101" count="12" type="stmt"/>
        <line num="114" count="1" type="stmt"/>
        <line num="129" count="1" type="stmt"/>
        <line num="147" count="2" type="cond" truecount="3" falsecount="1"/>
        <line num="148" count="0" type="stmt"/>
        <line num="150" count="2" type="cond" truecount="1" falsecount="1"/>
        <line num="151" count="0" type="cond" truecount="0" falsecount="2"/>
        <line num="152" count="0" type="stmt"/>
        <line num="154" count="0" type="stmt"/>
        <line num="156" count="2" type="stmt"/>
        <line num="157" count="2" type="cond" truecount="2" falsecount="0"/>
        <line num="158" count="2" type="cond" truecount="2" falsecount="0"/>
        <line num="160" count="2" type="stmt"/>
        <line num="161" count="16" type="stmt"/>
        <line num="164" count="2" type="stmt"/>
        <line num="167" count="1" type="stmt"/>
        <line num="169" count="4" type="stmt"/>
        <line num="172" count="1" type="stmt"/>
        <line num="177" count="12" type="cond" truecount="4" falsecount="0"/>
        <line num="178" count="4" type="stmt"/>
        <line num="179" count="4" type="cond" truecount="2" falsecount="0"/>
        <line num="181" count="12" type="cond" truecount="4" falsecount="0"/>
        <line num="182" count="4" type="stmt"/>
        <line num="183" count="4" type="cond" truecount="2" falsecount="0"/>
        <line num="185" count="12" type="cond" truecount="4" falsecount="0"/>
        <line num="186" count="4" type="stmt"/>
        <line num="187" count="4" type="cond" truecount="2" falsecount="0"/>
        <line num="190" count="12" type="stmt"/>
        <line num="209" count="1" type="stmt"/>
        <line num="210" count="5" type="stmt"/>
        <line num="214" count="1" type="stmt"/>
        <line num="222" count="1" type="stmt"/>
        <line num="223" count="5" type="cond" truecount="2" falsecount="0"/>
        <line num="227" count="1" type="stmt"/>
      </file>
      <file name="lab-unitTest.js" path="/Users/anh.nt/Desktop/Code/javascript/Study/javascript-fundamental/src/lab-unitTest.js">
        <metrics statements="5" coveredstatements="5" conditionals="10" coveredconditionals="10" methods="1" coveredmethods="1"/>
        <line num="2" count="11" type="cond" truecount="4" falsecount="0"/>
        <line num="4" count="9" type="cond" truecount="2" falsecount="0"/>
        <line num="5" count="6" type="cond" truecount="2" falsecount="0"/>
        <line num="6" count="5" type="cond" truecount="2" falsecount="0"/>
        <line num="8" count="4" type="stmt"/>
      </file>
    </package>
  </project>
</coverage>
