{"/Users/anh.nt/Desktop/Code/javascript/Study/javascript-fundamental/main.js": {"path":"/Users/anh.nt/Desktop/Code/javascript/Study/javascript-fundamental/main.js","statementMap":{"0":{"start":{"line":2,"column":2},"end":{"line":2,"column":15}}},"fnMap":{"0":{"name":"sum","decl":{"start":{"line":1,"column":16},"end":{"line":1,"column":19}},"loc":{"start":{"line":1,"column":26},"end":{"line":3,"column":1}},"line":1}},"branchMap":{},"s":{"0":1},"f":{"0":1},"b":{},"_coverageSchema":"1a1c01bbd47fc00a2c39e90264f33305004495a9","hash":"1ade055c498a8d093cee5121584f1b08ff497d38"}
,"/Users/anh.nt/Desktop/Code/javascript/Study/javascript-fundamental/practice/lab-unitTest/01-array-check/index.js": {"path":"/Users/anh.nt/Desktop/Code/javascript/Study/javascript-fundamental/practice/lab-unitTest/01-array-check/index.js","statementMap":{"0":{"start":{"line":11,"column":2},"end":{"line":11,"column":59}},"1":{"start":{"line":11,"column":46},"end":{"line":11,"column":59}},"2":{"start":{"line":12,"column":21},"end":{"line":12,"column":28}},"3":{"start":{"line":13,"column":23},"end":{"line":13,"column":31}},"4":{"start":{"line":15,"column":2},"end":{"line":18,"column":4}},"5":{"start":{"line":26,"column":2},"end":{"line":26,"column":76}},"6":{"start":{"line":26,"column":63},"end":{"line":26,"column":76}},"7":{"start":{"line":28,"column":2},"end":{"line":28,"column":45}},"8":{"start":{"line":31,"column":0},"end":{"line":36,"column":2}}},"fnMap":{"0":{"name":"isAlice","decl":{"start":{"line":10,"column":9},"end":{"line":10,"column":16}},"loc":{"start":{"line":10,"column":26},"end":{"line":19,"column":1}},"line":10},"1":{"name":"hasAlice","decl":{"start":{"line":25,"column":16},"end":{"line":25,"column":24}},"loc":{"start":{"line":25,"column":38},"end":{"line":29,"column":1}},"line":25}},"branchMap":{"0":{"loc":{"start":{"line":11,"column":2},"end":{"line":11,"column":59}},"type":"if","locations":[{"start":{"line":11,"column":2},"end":{"line":11,"column":59}},{"start":{},"end":{}}],"line":11},"1":{"loc":{"start":{"line":11,"column":6},"end":{"line":11,"column":44}},"type":"binary-expr","locations":[{"start":{"line":11,"column":6},"end":{"line":11,"column":14}},{"start":{"line":11,"column":18},"end":{"line":11,"column":44}}],"line":11},"2":{"loc":{"start":{"line":16,"column":4},"end":{"line":17,"column":35}},"type":"binary-expr","locations":[{"start":{"line":16,"column":4},"end":{"line":16,"column":59}},{"start":{"line":17,"column":4},"end":{"line":17,"column":35}}],"line":16},"3":{"loc":{"start":{"line":26,"column":2},"end":{"line":26,"column":76}},"type":"if","locations":[{"start":{"line":26,"column":2},"end":{"line":26,"column":76}},{"start":{},"end":{}}],"line":26},"4":{"loc":{"start":{"line":26,"column":6},"end":{"line":26,"column":61}},"type":"binary-expr","locations":[{"start":{"line":26,"column":6},"end":{"line":26,"column":33}},{"start":{"line":26,"column":37},"end":{"line":26,"column":61}}],"line":26}},"s":{"0":6,"1":0,"2":6,"3":6,"4":6,"5":4,"6":1,"7":3,"8":1},"f":{"0":6,"1":4},"b":{"0":[0,6],"1":[6,6],"2":[6,3],"3":[1,3],"4":[4,4]},"_coverageSchema":"1a1c01bbd47fc00a2c39e90264f33305004495a9","hash":"35eeedd7420ad11e6bfbafdc99450a337cfd3f60"}
,"/Users/anh.nt/Desktop/Code/javascript/Study/javascript-fundamental/practice/lab-unitTest/01-cal-S/index.js": {"path":"/Users/anh.nt/Desktop/Code/javascript/Study/javascript-fundamental/practice/lab-unitTest/01-cal-S/index.js","statementMap":{"0":{"start":{"line":8,"column":2},"end":{"line":8,"column":23}},"1":{"start":{"line":8,"column":14},"end":{"line":8,"column":23}},"2":{"start":{"line":10,"column":12},"end":{"line":10,"column":13}},"3":{"start":{"line":11,"column":2},"end":{"line":13,"column":3}},"4":{"start":{"line":11,"column":15},"end":{"line":11,"column":16}},"5":{"start":{"line":12,"column":4},"end":{"line":12,"column":13}},"6":{"start":{"line":14,"column":2},"end":{"line":14,"column":13}},"7":{"start":{"line":22,"column":2},"end":{"line":22,"column":23}},"8":{"start":{"line":22,"column":14},"end":{"line":22,"column":23}},"9":{"start":{"line":23,"column":2},"end":{"line":23,"column":27}},"10":{"start":{"line":26,"column":0},"end":{"line":26,"column":30}}},"fnMap":{"0":{"name":"calculateSum","decl":{"start":{"line":7,"column":16},"end":{"line":7,"column":28}},"loc":{"start":{"line":7,"column":32},"end":{"line":15,"column":1}},"line":7},"1":{"name":"calculateSumV2","decl":{"start":{"line":21,"column":16},"end":{"line":21,"column":30}},"loc":{"start":{"line":21,"column":34},"end":{"line":24,"column":1}},"line":21}},"branchMap":{"0":{"loc":{"start":{"line":8,"column":2},"end":{"line":8,"column":23}},"type":"if","locations":[{"start":{"line":8,"column":2},"end":{"line":8,"column":23}},{"start":{},"end":{}}],"line":8},"1":{"loc":{"start":{"line":22,"column":2},"end":{"line":22,"column":23}},"type":"if","locations":[{"start":{"line":22,"column":2},"end":{"line":22,"column":23}},{"start":{},"end":{}}],"line":22}},"s":{"0":8,"1":2,"2":6,"3":6,"4":6,"5":126,"6":6,"7":7,"8":2,"9":5,"10":1},"f":{"0":8,"1":7},"b":{"0":[2,6],"1":[2,5]},"_coverageSchema":"1a1c01bbd47fc00a2c39e90264f33305004495a9","hash":"64aaf5a9433a29378babec82ec4dc2049d204f7d"}
,"/Users/anh.nt/Desktop/Code/javascript/Study/javascript-fundamental/practice/lab-unitTest/01-number/index.js": {"path":"/Users/anh.nt/Desktop/Code/javascript/Study/javascript-fundamental/practice/lab-unitTest/01-number/index.js","statementMap":{"0":{"start":{"line":8,"column":2},"end":{"line":8,"column":38}},"1":{"start":{"line":8,"column":25},"end":{"line":8,"column":38}},"2":{"start":{"line":10,"column":23},"end":{"line":10,"column":35}},"3":{"start":{"line":11,"column":2},"end":{"line":13,"column":3}},"4":{"start":{"line":11,"column":15},"end":{"line":11,"column":16}},"5":{"start":{"line":12,"column":4},"end":{"line":12,"column":61}},"6":{"start":{"line":12,"column":48},"end":{"line":12,"column":61}},"7":{"start":{"line":14,"column":2},"end":{"line":14,"column":14}},"8":{"start":{"line":17,"column":2},"end":{"line":17,"column":38}},"9":{"start":{"line":17,"column":25},"end":{"line":17,"column":38}},"10":{"start":{"line":19,"column":18},"end":{"line":19,"column":19}},"11":{"start":{"line":20,"column":18},"end":{"line":20,"column":20}},"12":{"start":{"line":22,"column":2},"end":{"line":29,"column":3}},"13":{"start":{"line":23,"column":22},"end":{"line":23,"column":36}},"14":{"start":{"line":24,"column":4},"end":{"line":24,"column":45}},"15":{"start":{"line":24,"column":32},"end":{"line":24,"column":45}},"16":{"start":{"line":26,"column":4},"end":{"line":26,"column":26}},"17":{"start":{"line":28,"column":4},"end":{"line":28,"column":43}},"18":{"start":{"line":31,"column":2},"end":{"line":31,"column":14}},"19":{"start":{"line":34,"column":0},"end":{"line":34,"column":42}}},"fnMap":{"0":{"name":"isIncreasingNumber","decl":{"start":{"line":7,"column":16},"end":{"line":7,"column":34}},"loc":{"start":{"line":7,"column":38},"end":{"line":15,"column":1}},"line":7},"1":{"name":"isIncreasingNumberV2","decl":{"start":{"line":16,"column":16},"end":{"line":16,"column":36}},"loc":{"start":{"line":16,"column":40},"end":{"line":32,"column":1}},"line":16}},"branchMap":{"0":{"loc":{"start":{"line":8,"column":2},"end":{"line":8,"column":38}},"type":"if","locations":[{"start":{"line":8,"column":2},"end":{"line":8,"column":38}},{"start":{},"end":{}}],"line":8},"1":{"loc":{"start":{"line":8,"column":6},"end":{"line":8,"column":23}},"type":"binary-expr","locations":[{"start":{"line":8,"column":6},"end":{"line":8,"column":12}},{"start":{"line":8,"column":16},"end":{"line":8,"column":23}}],"line":8},"2":{"loc":{"start":{"line":12,"column":4},"end":{"line":12,"column":61}},"type":"if","locations":[{"start":{"line":12,"column":4},"end":{"line":12,"column":61}},{"start":{},"end":{}}],"line":12},"3":{"loc":{"start":{"line":17,"column":2},"end":{"line":17,"column":38}},"type":"if","locations":[{"start":{"line":17,"column":2},"end":{"line":17,"column":38}},{"start":{},"end":{}}],"line":17},"4":{"loc":{"start":{"line":17,"column":6},"end":{"line":17,"column":23}},"type":"binary-expr","locations":[{"start":{"line":17,"column":6},"end":{"line":17,"column":12}},{"start":{"line":17,"column":16},"end":{"line":17,"column":23}}],"line":17},"5":{"loc":{"start":{"line":24,"column":4},"end":{"line":24,"column":45}},"type":"if","locations":[{"start":{"line":24,"column":4},"end":{"line":24,"column":45}},{"start":{},"end":{}}],"line":24}},"s":{"0":22,"1":12,"2":10,"3":10,"4":10,"5":22,"6":6,"7":4,"8":23,"9":12,"10":11,"11":11,"12":11,"13":34,"14":34,"15":6,"16":28,"17":28,"18":5,"19":1},"f":{"0":22,"1":23},"b":{"0":[12,10],"1":[22,11],"2":[6,16],"3":[12,11],"4":[23,12],"5":[6,28]},"_coverageSchema":"1a1c01bbd47fc00a2c39e90264f33305004495a9","hash":"8cc4112b556cee7d5aff87e6d8c9fbadd87c4610"}
,"/Users/anh.nt/Desktop/Code/javascript/Study/javascript-fundamental/practice/lab-unitTest/01-string/index.js": {"path":"/Users/anh.nt/Desktop/Code/javascript/Study/javascript-fundamental/practice/lab-unitTest/01-string/index.js","statementMap":{"0":{"start":{"line":5,"column":2},"end":{"line":5,"column":36}},"1":{"start":{"line":5,"column":26},"end":{"line":5,"column":36}},"2":{"start":{"line":6,"column":19},"end":{"line":6,"column":21}},"3":{"start":{"line":8,"column":2},"end":{"line":14,"column":7}},"4":{"start":{"line":10,"column":19},"end":{"line":10,"column":27}},"5":{"start":{"line":12,"column":6},"end":{"line":13,"column":29}},"6":{"start":{"line":12,"column":25},"end":{"line":12,"column":44}},"7":{"start":{"line":13,"column":11},"end":{"line":13,"column":29}},"8":{"start":{"line":16,"column":2},"end":{"line":16,"column":20}},"9":{"start":{"line":18,"column":0},"end":{"line":18,"column":53}},"10":{"start":{"line":21,"column":2},"end":{"line":21,"column":36}},"11":{"start":{"line":21,"column":26},"end":{"line":21,"column":36}},"12":{"start":{"line":23,"column":2},"end":{"line":32,"column":11}},"13":{"start":{"line":25,"column":19},"end":{"line":25,"column":27}},"14":{"start":{"line":27,"column":6},"end":{"line":29,"column":33}},"15":{"start":{"line":31,"column":6},"end":{"line":31,"column":24}},"16":{"start":{"line":34,"column":0},"end":{"line":34,"column":55}}},"fnMap":{"0":{"name":"statisticsWords","decl":{"start":{"line":4,"column":16},"end":{"line":4,"column":31}},"loc":{"start":{"line":4,"column":37},"end":{"line":17,"column":1}},"line":4},"1":{"name":"(anonymous_1)","decl":{"start":{"line":10,"column":12},"end":{"line":10,"column":13}},"loc":{"start":{"line":10,"column":19},"end":{"line":10,"column":27}},"line":10},"2":{"name":"(anonymous_2)","decl":{"start":{"line":11,"column":13},"end":{"line":11,"column":14}},"loc":{"start":{"line":11,"column":20},"end":{"line":14,"column":5}},"line":11},"3":{"name":"statisticsWordsV2","decl":{"start":{"line":20,"column":16},"end":{"line":20,"column":33}},"loc":{"start":{"line":20,"column":39},"end":{"line":33,"column":1}},"line":20},"4":{"name":"(anonymous_4)","decl":{"start":{"line":25,"column":12},"end":{"line":25,"column":13}},"loc":{"start":{"line":25,"column":19},"end":{"line":25,"column":27}},"line":25},"5":{"name":"(anonymous_5)","decl":{"start":{"line":26,"column":12},"end":{"line":26,"column":13}},"loc":{"start":{"line":26,"column":34},"end":{"line":32,"column":5}},"line":26}},"branchMap":{"0":{"loc":{"start":{"line":5,"column":2},"end":{"line":5,"column":36}},"type":"if","locations":[{"start":{"line":5,"column":2},"end":{"line":5,"column":36}},{"start":{},"end":{}}],"line":5},"1":{"loc":{"start":{"line":5,"column":6},"end":{"line":5,"column":24}},"type":"binary-expr","locations":[{"start":{"line":5,"column":6},"end":{"line":5,"column":10}},{"start":{"line":5,"column":14},"end":{"line":5,"column":24}}],"line":5},"2":{"loc":{"start":{"line":12,"column":6},"end":{"line":13,"column":29}},"type":"if","locations":[{"start":{"line":12,"column":6},"end":{"line":13,"column":29}},{"start":{"line":13,"column":11},"end":{"line":13,"column":29}}],"line":12},"3":{"loc":{"start":{"line":21,"column":2},"end":{"line":21,"column":36}},"type":"if","locations":[{"start":{"line":21,"column":2},"end":{"line":21,"column":36}},{"start":{},"end":{}}],"line":21},"4":{"loc":{"start":{"line":21,"column":6},"end":{"line":21,"column":24}},"type":"binary-expr","locations":[{"start":{"line":21,"column":6},"end":{"line":21,"column":10}},{"start":{"line":21,"column":14},"end":{"line":21,"column":24}}],"line":21},"5":{"loc":{"start":{"line":27,"column":25},"end":{"line":29,"column":32}},"type":"cond-expr","locations":[{"start":{"line":28,"column":11},"end":{"line":28,"column":32}},{"start":{"line":29,"column":11},"end":{"line":29,"column":31}}],"line":27}},"s":{"0":4,"1":1,"2":3,"3":3,"4":22,"5":9,"6":3,"7":6,"8":3,"9":1,"10":4,"11":1,"12":3,"13":22,"14":9,"15":9,"16":1},"f":{"0":4,"1":22,"2":9,"3":4,"4":22,"5":9},"b":{"0":[1,3],"1":[4,3],"2":[3,6],"3":[1,3],"4":[4,3],"5":[3,6]},"_coverageSchema":"1a1c01bbd47fc00a2c39e90264f33305004495a9","hash":"dec60c8b700d5ac05696da6644e1c9f672e4f6a3"}
,"/Users/anh.nt/Desktop/Code/javascript/Study/javascript-fundamental/practice/lab-unitTest/02-array-filter/index.js": {"path":"/Users/anh.nt/Desktop/Code/javascript/Study/javascript-fundamental/practice/lab-unitTest/02-array-filter/index.js","statementMap":{"0":{"start":{"line":5,"column":25},"end":{"line":5,"column":41}},"1":{"start":{"line":6,"column":21},"end":{"line":6,"column":56}},"2":{"start":{"line":7,"column":2},"end":{"line":7,"column":37}},"3":{"start":{"line":15,"column":2},"end":{"line":15,"column":71}},"4":{"start":{"line":15,"column":61},"end":{"line":15,"column":71}},"5":{"start":{"line":26,"column":2},"end":{"line":26,"column":72}},"6":{"start":{"line":26,"column":39},"end":{"line":26,"column":70}},"7":{"start":{"line":28,"column":0},"end":{"line":28,"column":47}}},"fnMap":{"0":{"name":"getFirstDigit","decl":{"start":{"line":4,"column":9},"end":{"line":4,"column":22}},"loc":{"start":{"line":4,"column":31},"end":{"line":8,"column":1}},"line":4},"1":{"name":"findAllNumber","decl":{"start":{"line":14,"column":16},"end":{"line":14,"column":29}},"loc":{"start":{"line":14,"column":42},"end":{"line":27,"column":1}},"line":14},"2":{"name":"(anonymous_2)","decl":{"start":{"line":26,"column":27},"end":{"line":26,"column":28}},"loc":{"start":{"line":26,"column":39},"end":{"line":26,"column":70}},"line":26}},"branchMap":{"0":{"loc":{"start":{"line":15,"column":2},"end":{"line":15,"column":71}},"type":"if","locations":[{"start":{"line":15,"column":2},"end":{"line":15,"column":71}},{"start":{},"end":{}}],"line":15},"1":{"loc":{"start":{"line":15,"column":6},"end":{"line":15,"column":59}},"type":"binary-expr","locations":[{"start":{"line":15,"column":6},"end":{"line":15,"column":32}},{"start":{"line":15,"column":36},"end":{"line":15,"column":59}}],"line":15}},"s":{"0":10,"1":10,"2":10,"3":9,"4":6,"5":3,"6":10,"7":1},"f":{"0":10,"1":9,"2":10},"b":{"0":[6,3],"1":[9,4]},"_coverageSchema":"1a1c01bbd47fc00a2c39e90264f33305004495a9","hash":"5f04fce90c16dbe206d6635cf3b2db2f5d0bc853"}
,"/Users/anh.nt/Desktop/Code/javascript/Study/javascript-fundamental/practice/lab-unitTest/02-cal-S/index.js": {"path":"/Users/anh.nt/Desktop/Code/javascript/Study/javascript-fundamental/practice/lab-unitTest/02-cal-S/index.js","statementMap":{"0":{"start":{"line":8,"column":2},"end":{"line":8,"column":23}},"1":{"start":{"line":8,"column":14},"end":{"line":8,"column":23}},"2":{"start":{"line":9,"column":12},"end":{"line":9,"column":13}},"3":{"start":{"line":10,"column":2},"end":{"line":12,"column":3}},"4":{"start":{"line":10,"column":15},"end":{"line":10,"column":16}},"5":{"start":{"line":11,"column":4},"end":{"line":11,"column":17}},"6":{"start":{"line":13,"column":2},"end":{"line":13,"column":13}},"7":{"start":{"line":16,"column":0},"end":{"line":16,"column":30}},"8":{"start":{"line":24,"column":2},"end":{"line":24,"column":23}},"9":{"start":{"line":24,"column":14},"end":{"line":24,"column":23}},"10":{"start":{"line":25,"column":2},"end":{"line":25,"column":41}},"11":{"start":{"line":28,"column":0},"end":{"line":28,"column":32}}},"fnMap":{"0":{"name":"calculateSum","decl":{"start":{"line":7,"column":16},"end":{"line":7,"column":28}},"loc":{"start":{"line":7,"column":32},"end":{"line":14,"column":1}},"line":7},"1":{"name":"calculateSumV2","decl":{"start":{"line":23,"column":16},"end":{"line":23,"column":30}},"loc":{"start":{"line":23,"column":34},"end":{"line":26,"column":1}},"line":23}},"branchMap":{"0":{"loc":{"start":{"line":8,"column":2},"end":{"line":8,"column":23}},"type":"if","locations":[{"start":{"line":8,"column":2},"end":{"line":8,"column":23}},{"start":{},"end":{}}],"line":8},"1":{"loc":{"start":{"line":24,"column":2},"end":{"line":24,"column":23}},"type":"if","locations":[{"start":{"line":24,"column":2},"end":{"line":24,"column":23}},{"start":{},"end":{}}],"line":24}},"s":{"0":9,"1":3,"2":6,"3":6,"4":6,"5":121,"6":6,"7":1,"8":9,"9":3,"10":6,"11":1},"f":{"0":9,"1":9},"b":{"0":[3,6],"1":[3,6]},"_coverageSchema":"1a1c01bbd47fc00a2c39e90264f33305004495a9","hash":"051183410f4e1d5946ff14be31021864383a8d73"}
,"/Users/anh.nt/Desktop/Code/javascript/Study/javascript-fundamental/practice/lab-unitTest/03-array-count/index.js": {"path":"/Users/anh.nt/Desktop/Code/javascript/Study/javascript-fundamental/practice/lab-unitTest/03-array-count/index.js","statementMap":{"0":{"start":{"line":6,"column":2},"end":{"line":6,"column":70}},"1":{"start":{"line":6,"column":61},"end":{"line":6,"column":70}},"2":{"start":{"line":17,"column":20},"end":{"line":20,"column":8}},"3":{"start":{"line":18,"column":4},"end":{"line":18,"column":27}},"4":{"start":{"line":19,"column":4},"end":{"line":19,"column":19}},"5":{"start":{"line":22,"column":2},"end":{"line":22,"column":39}}},"fnMap":{"0":{"name":"countUniqueNumbers","decl":{"start":{"line":5,"column":16},"end":{"line":5,"column":34}},"loc":{"start":{"line":5,"column":47},"end":{"line":23,"column":1}},"line":5},"1":{"name":"(anonymous_1)","decl":{"start":{"line":17,"column":38},"end":{"line":17,"column":39}},"loc":{"start":{"line":17,"column":59},"end":{"line":20,"column":3}},"line":17}},"branchMap":{"0":{"loc":{"start":{"line":6,"column":2},"end":{"line":6,"column":70}},"type":"if","locations":[{"start":{"line":6,"column":2},"end":{"line":6,"column":70}},{"start":{},"end":{}}],"line":6},"1":{"loc":{"start":{"line":6,"column":6},"end":{"line":6,"column":59}},"type":"binary-expr","locations":[{"start":{"line":6,"column":6},"end":{"line":6,"column":32}},{"start":{"line":6,"column":36},"end":{"line":6,"column":59}}],"line":6}},"s":{"0":3,"1":1,"2":2,"3":9,"4":9,"5":2},"f":{"0":3,"1":9},"b":{"0":[1,2],"1":[3,3]},"_coverageSchema":"1a1c01bbd47fc00a2c39e90264f33305004495a9","hash":"86773fddbdc4b110327e69f766bd79337ca7378a"}
,"/Users/anh.nt/Desktop/Code/javascript/Study/javascript-fundamental/practice/lab-unitTest/03-cal-S/index.js": {"path":"/Users/anh.nt/Desktop/Code/javascript/Study/javascript-fundamental/practice/lab-unitTest/03-cal-S/index.js","statementMap":{"0":{"start":{"line":8,"column":2},"end":{"line":8,"column":23}},"1":{"start":{"line":8,"column":14},"end":{"line":8,"column":23}},"2":{"start":{"line":9,"column":12},"end":{"line":9,"column":13}},"3":{"start":{"line":10,"column":2},"end":{"line":12,"column":3}},"4":{"start":{"line":10,"column":15},"end":{"line":10,"column":16}},"5":{"start":{"line":11,"column":4},"end":{"line":11,"column":17}},"6":{"start":{"line":13,"column":2},"end":{"line":13,"column":13}},"7":{"start":{"line":16,"column":0},"end":{"line":16,"column":29}}},"fnMap":{"0":{"name":"calculateSum","decl":{"start":{"line":7,"column":16},"end":{"line":7,"column":28}},"loc":{"start":{"line":7,"column":32},"end":{"line":14,"column":1}},"line":7}},"branchMap":{"0":{"loc":{"start":{"line":8,"column":2},"end":{"line":8,"column":23}},"type":"if","locations":[{"start":{"line":8,"column":2},"end":{"line":8,"column":23}},{"start":{},"end":{}}],"line":8}},"s":{"0":7,"1":3,"2":4,"3":4,"4":4,"5":7,"6":4,"7":1},"f":{"0":7},"b":{"0":[3,4]},"_coverageSchema":"1a1c01bbd47fc00a2c39e90264f33305004495a9","hash":"ca1064c4ef11b8f84887e3fa41cad1da4699c305"}
,"/Users/anh.nt/Desktop/Code/javascript/Study/javascript-fundamental/practice/lab-unitTest/04-array-subarr/index.js": {"path":"/Users/anh.nt/Desktop/Code/javascript/Study/javascript-fundamental/practice/lab-unitTest/04-array-subarr/index.js","statementMap":{"0":{"start":{"line":6,"column":2},"end":{"line":6,"column":57}},"1":{"start":{"line":6,"column":47},"end":{"line":6,"column":57}},"2":{"start":{"line":24,"column":16},"end":{"line":24,"column":18}},"3":{"start":{"line":25,"column":2},"end":{"line":32,"column":9}},"4":{"start":{"line":26,"column":4},"end":{"line":26,"column":52}},"5":{"start":{"line":26,"column":34},"end":{"line":26,"column":52}},"6":{"start":{"line":27,"column":4},"end":{"line":30,"column":5}},"7":{"start":{"line":28,"column":6},"end":{"line":28,"column":31}},"8":{"start":{"line":29,"column":6},"end":{"line":29,"column":19}},"9":{"start":{"line":31,"column":4},"end":{"line":31,"column":22}},"10":{"start":{"line":35,"column":0},"end":{"line":35,"column":79}}},"fnMap":{"0":{"name":"findAllPositiveSubArr","decl":{"start":{"line":5,"column":16},"end":{"line":5,"column":37}},"loc":{"start":{"line":5,"column":43},"end":{"line":33,"column":1}},"line":5},"1":{"name":"(anonymous_1)","decl":{"start":{"line":25,"column":20},"end":{"line":25,"column":21}},"loc":{"start":{"line":25,"column":44},"end":{"line":32,"column":3}},"line":25}},"branchMap":{"0":{"loc":{"start":{"line":6,"column":2},"end":{"line":6,"column":57}},"type":"if","locations":[{"start":{"line":6,"column":2},"end":{"line":6,"column":57}},{"start":{},"end":{}}],"line":6},"1":{"loc":{"start":{"line":6,"column":6},"end":{"line":6,"column":45}},"type":"binary-expr","locations":[{"start":{"line":6,"column":6},"end":{"line":6,"column":25}},{"start":{"line":6,"column":29},"end":{"line":6,"column":45}}],"line":6},"2":{"loc":{"start":{"line":26,"column":4},"end":{"line":26,"column":52}},"type":"if","locations":[{"start":{"line":26,"column":4},"end":{"line":26,"column":52}},{"start":{},"end":{}}],"line":26},"3":{"loc":{"start":{"line":26,"column":8},"end":{"line":26,"column":32}},"type":"binary-expr","locations":[{"start":{"line":26,"column":8},"end":{"line":26,"column":15}},{"start":{"line":26,"column":19},"end":{"line":26,"column":32}}],"line":26},"4":{"loc":{"start":{"line":27,"column":4},"end":{"line":30,"column":5}},"type":"if","locations":[{"start":{"line":27,"column":4},"end":{"line":30,"column":5}},{"start":{},"end":{}}],"line":27},"5":{"loc":{"start":{"line":27,"column":8},"end":{"line":27,"column":69}},"type":"binary-expr","locations":[{"start":{"line":27,"column":8},"end":{"line":27,"column":26}},{"start":{"line":27,"column":31},"end":{"line":27,"column":44}},{"start":{"line":27,"column":48},"end":{"line":27,"column":68}}],"line":27}},"s":{"0":11,"1":8,"2":3,"3":3,"4":30,"5":18,"6":30,"7":6,"8":6,"9":30,"10":1},"f":{"0":11,"1":30},"b":{"0":[8,3],"1":[11,4],"2":[18,12],"3":[30,30],"4":[6,24],"5":[30,22,18]},"_coverageSchema":"1a1c01bbd47fc00a2c39e90264f33305004495a9","hash":"fef2df58d9a358c9ca3255bdbeccdec742a8e9c9"}
,"/Users/anh.nt/Desktop/Code/javascript/Study/javascript-fundamental/practice/lab-unitTest/04-cal-S/index.js": {"path":"/Users/anh.nt/Desktop/Code/javascript/Study/javascript-fundamental/practice/lab-unitTest/04-cal-S/index.js","statementMap":{"0":{"start":{"line":8,"column":2},"end":{"line":8,"column":23}},"1":{"start":{"line":8,"column":14},"end":{"line":8,"column":23}},"2":{"start":{"line":9,"column":12},"end":{"line":9,"column":13}},"3":{"start":{"line":10,"column":2},"end":{"line":12,"column":3}},"4":{"start":{"line":10,"column":15},"end":{"line":10,"column":16}},"5":{"start":{"line":11,"column":4},"end":{"line":11,"column":23}},"6":{"start":{"line":13,"column":2},"end":{"line":13,"column":13}},"7":{"start":{"line":16,"column":0},"end":{"line":16,"column":30}}},"fnMap":{"0":{"name":"calculateSum","decl":{"start":{"line":7,"column":16},"end":{"line":7,"column":28}},"loc":{"start":{"line":7,"column":32},"end":{"line":14,"column":1}},"line":7}},"branchMap":{"0":{"loc":{"start":{"line":8,"column":2},"end":{"line":8,"column":23}},"type":"if","locations":[{"start":{"line":8,"column":2},"end":{"line":8,"column":23}},{"start":{},"end":{}}],"line":8}},"s":{"0":5,"1":2,"2":3,"3":3,"4":3,"5":43,"6":3,"7":1},"f":{"0":5},"b":{"0":[2,3]},"_coverageSchema":"1a1c01bbd47fc00a2c39e90264f33305004495a9","hash":"11ded1ea358bce32b74e288efe45789289d0565a"}
,"/Users/anh.nt/Desktop/Code/javascript/Study/javascript-fundamental/practice/lab-unitTest/05-array-logic/index.js": {"path":"/Users/anh.nt/Desktop/Code/javascript/Study/javascript-fundamental/practice/lab-unitTest/05-array-logic/index.js","statementMap":{"0":{"start":{"line":6,"column":2},"end":{"line":6,"column":64}},"1":{"start":{"line":6,"column":47},"end":{"line":6,"column":64}},"2":{"start":{"line":8,"column":19},"end":{"line":8,"column":21}},"3":{"start":{"line":9,"column":15},"end":{"line":9,"column":24}},"4":{"start":{"line":11,"column":2},"end":{"line":18,"column":3}},"5":{"start":{"line":11,"column":15},"end":{"line":11,"column":16}},"6":{"start":{"line":12,"column":16},"end":{"line":12,"column":22}},"7":{"start":{"line":13,"column":4},"end":{"line":13,"column":78}},"8":{"start":{"line":15,"column":4},"end":{"line":17,"column":5}},"9":{"start":{"line":16,"column":6},"end":{"line":16,"column":19}},"10":{"start":{"line":20,"column":2},"end":{"line":20,"column":24}},"11":{"start":{"line":23,"column":0},"end":{"line":23,"column":41}},"12":{"start":{"line":24,"column":0},"end":{"line":24,"column":44}},"13":{"start":{"line":25,"column":0},"end":{"line":25,"column":47}},"14":{"start":{"line":26,"column":0},"end":{"line":26,"column":62}}},"fnMap":{"0":{"name":"findMostFrequentNumber","decl":{"start":{"line":5,"column":16},"end":{"line":5,"column":38}},"loc":{"start":{"line":5,"column":44},"end":{"line":21,"column":1}},"line":5}},"branchMap":{"0":{"loc":{"start":{"line":6,"column":2},"end":{"line":6,"column":64}},"type":"if","locations":[{"start":{"line":6,"column":2},"end":{"line":6,"column":64}},{"start":{},"end":{}}],"line":6},"1":{"loc":{"start":{"line":6,"column":6},"end":{"line":6,"column":45}},"type":"binary-expr","locations":[{"start":{"line":6,"column":6},"end":{"line":6,"column":25}},{"start":{"line":6,"column":29},"end":{"line":6,"column":45}}],"line":6},"2":{"loc":{"start":{"line":13,"column":22},"end":{"line":13,"column":77}},"type":"cond-expr","locations":[{"start":{"line":13,"column":54},"end":{"line":13,"column":55}},{"start":{"line":13,"column":58},"end":{"line":13,"column":77}}],"line":13},"3":{"loc":{"start":{"line":15,"column":4},"end":{"line":17,"column":5}},"type":"if","locations":[{"start":{"line":15,"column":4},"end":{"line":17,"column":5}},{"start":{},"end":{}}],"line":15},"4":{"loc":{"start":{"line":15,"column":8},"end":{"line":15,"column":68}},"type":"binary-expr","locations":[{"start":{"line":15,"column":8},"end":{"line":15,"column":28}},{"start":{"line":15,"column":32},"end":{"line":15,"column":68}}],"line":15}},"s":{"0":10,"1":2,"2":8,"3":8,"4":8,"5":8,"6":28,"7":28,"8":28,"9":14,"10":8,"11":1,"12":1,"13":1,"14":1},"f":{"0":10},"b":{"0":[2,8],"1":[10,9],"2":[20,8],"3":[14,14],"4":[28,20]},"_coverageSchema":"1a1c01bbd47fc00a2c39e90264f33305004495a9","hash":"7b804ccd25b0a52a18f8093faa66141251c44056"}
,"/Users/anh.nt/Desktop/Code/javascript/Study/javascript-fundamental/src/test/lab-reduce.js": {"path":"/Users/anh.nt/Desktop/Code/javascript/Study/javascript-fundamental/src/test/lab-reduce.js","statementMap":{"0":{"start":{"line":7,"column":2},"end":{"line":7,"column":52}},"1":{"start":{"line":7,"column":36},"end":{"line":7,"column":47}},"2":{"start":{"line":10,"column":0},"end":{"line":10,"column":41}},"3":{"start":{"line":17,"column":2},"end":{"line":17,"column":62}},"4":{"start":{"line":17,"column":40},"end":{"line":17,"column":55}},"5":{"start":{"line":20,"column":0},"end":{"line":20,"column":63}},"6":{"start":{"line":27,"column":2},"end":{"line":30,"column":8}},"7":{"start":{"line":28,"column":4},"end":{"line":28,"column":35}},"8":{"start":{"line":28,"column":21},"end":{"line":28,"column":35}},"9":{"start":{"line":29,"column":4},"end":{"line":29,"column":20}},"10":{"start":{"line":33,"column":15},"end":{"line":46,"column":1}},"11":{"start":{"line":47,"column":0},"end":{"line":47,"column":43}},"12":{"start":{"line":54,"column":2},"end":{"line":54,"column":69}},"13":{"start":{"line":54,"column":41},"end":{"line":54,"column":63}},"14":{"start":{"line":57,"column":15},"end":{"line":63,"column":1}},"15":{"start":{"line":65,"column":0},"end":{"line":65,"column":48}},"16":{"start":{"line":73,"column":2},"end":{"line":73,"column":67}},"17":{"start":{"line":73,"column":40},"end":{"line":73,"column":61}},"18":{"start":{"line":76,"column":13},"end":{"line":76,"column":49}},"19":{"start":{"line":78,"column":0},"end":{"line":78,"column":40}},"20":{"start":{"line":86,"column":2},"end":{"line":111,"column":4}},"21":{"start":{"line":88,"column":6},"end":{"line":91,"column":7}},"22":{"start":{"line":89,"column":8},"end":{"line":89,"column":36}},"23":{"start":{"line":90,"column":8},"end":{"line":90,"column":51}},"24":{"start":{"line":90,"column":24},"end":{"line":90,"column":51}},"25":{"start":{"line":92,"column":6},"end":{"line":95,"column":7}},"26":{"start":{"line":93,"column":8},"end":{"line":93,"column":35}},"27":{"start":{"line":94,"column":8},"end":{"line":94,"column":55}},"28":{"start":{"line":94,"column":24},"end":{"line":94,"column":55}},"29":{"start":{"line":96,"column":6},"end":{"line":99,"column":7}},"30":{"start":{"line":97,"column":8},"end":{"line":97,"column":35}},"31":{"start":{"line":98,"column":8},"end":{"line":98,"column":55}},"32":{"start":{"line":98,"column":24},"end":{"line":98,"column":55}},"33":{"start":{"line":101,"column":6},"end":{"line":101,"column":21}},"34":{"start":{"line":114,"column":19},"end":{"line":127,"column":1}},"35":{"start":{"line":129,"column":0},"end":{"line":129,"column":51}},"36":{"start":{"line":147,"column":2},"end":{"line":148,"column":42}},"37":{"start":{"line":148,"column":4},"end":{"line":148,"column":42}},"38":{"start":{"line":150,"column":2},"end":{"line":155,"column":3}},"39":{"start":{"line":151,"column":4},"end":{"line":152,"column":68}},"40":{"start":{"line":152,"column":6},"end":{"line":152,"column":68}},"41":{"start":{"line":154,"column":4},"end":{"line":154,"column":24}},"42":{"start":{"line":156,"column":26},"end":{"line":156,"column":52}},"43":{"start":{"line":157,"column":21},"end":{"line":157,"column":44}},"44":{"start":{"line":158,"column":20},"end":{"line":158,"column":70}},"45":{"start":{"line":160,"column":2},"end":{"line":162,"column":3}},"46":{"start":{"line":160,"column":15},"end":{"line":160,"column":25}},"47":{"start":{"line":161,"column":4},"end":{"line":161,"column":53}},"48":{"start":{"line":164,"column":2},"end":{"line":164,"column":21}},"49":{"start":{"line":167,"column":0},"end":{"line":170,"column":2}},"50":{"start":{"line":169,"column":47},"end":{"line":169,"column":59}},"51":{"start":{"line":172,"column":0},"end":{"line":201,"column":2}},"52":{"start":{"line":177,"column":6},"end":{"line":180,"column":7}},"53":{"start":{"line":178,"column":8},"end":{"line":178,"column":36}},"54":{"start":{"line":179,"column":8},"end":{"line":179,"column":51}},"55":{"start":{"line":179,"column":24},"end":{"line":179,"column":51}},"56":{"start":{"line":181,"column":6},"end":{"line":184,"column":7}},"57":{"start":{"line":182,"column":8},"end":{"line":182,"column":35}},"58":{"start":{"line":183,"column":8},"end":{"line":183,"column":55}},"59":{"start":{"line":183,"column":24},"end":{"line":183,"column":55}},"60":{"start":{"line":185,"column":6},"end":{"line":188,"column":7}},"61":{"start":{"line":186,"column":8},"end":{"line":186,"column":35}},"62":{"start":{"line":187,"column":8},"end":{"line":187,"column":55}},"63":{"start":{"line":187,"column":24},"end":{"line":187,"column":55}},"64":{"start":{"line":190,"column":6},"end":{"line":190,"column":21}},"65":{"start":{"line":209,"column":2},"end":{"line":212,"column":4}},"66":{"start":{"line":210,"column":26},"end":{"line":210,"column":59}},"67":{"start":{"line":214,"column":0},"end":{"line":214,"column":53}},"68":{"start":{"line":222,"column":2},"end":{"line":225,"column":4}},"69":{"start":{"line":223,"column":26},"end":{"line":223,"column":77}},"70":{"start":{"line":227,"column":0},"end":{"line":227,"column":63}}},"fnMap":{"0":{"name":"total","decl":{"start":{"line":5,"column":16},"end":{"line":5,"column":21}},"loc":{"start":{"line":5,"column":27},"end":{"line":8,"column":1}},"line":5},"1":{"name":"(anonymous_1)","decl":{"start":{"line":7,"column":20},"end":{"line":7,"column":21}},"loc":{"start":{"line":7,"column":36},"end":{"line":7,"column":47}},"line":7},"2":{"name":"stringConcat","decl":{"start":{"line":16,"column":16},"end":{"line":16,"column":28}},"loc":{"start":{"line":16,"column":34},"end":{"line":18,"column":1}},"line":16},"3":{"name":"(anonymous_3)","decl":{"start":{"line":17,"column":20},"end":{"line":17,"column":21}},"loc":{"start":{"line":17,"column":40},"end":{"line":17,"column":55}},"line":17},"4":{"name":"totalVotes","decl":{"start":{"line":26,"column":9},"end":{"line":26,"column":19}},"loc":{"start":{"line":26,"column":25},"end":{"line":31,"column":1}},"line":26},"5":{"name":"(anonymous_5)","decl":{"start":{"line":27,"column":20},"end":{"line":27,"column":21}},"loc":{"start":{"line":27,"column":41},"end":{"line":30,"column":3}},"line":27},"6":{"name":"shoppingSpree","decl":{"start":{"line":53,"column":9},"end":{"line":53,"column":22}},"loc":{"start":{"line":53,"column":28},"end":{"line":55,"column":1}},"line":53},"7":{"name":"(anonymous_7)","decl":{"start":{"line":54,"column":20},"end":{"line":54,"column":21}},"loc":{"start":{"line":54,"column":41},"end":{"line":54,"column":63}},"line":54},"8":{"name":"flatten","decl":{"start":{"line":71,"column":9},"end":{"line":71,"column":16}},"loc":{"start":{"line":71,"column":22},"end":{"line":74,"column":1}},"line":71},"9":{"name":"(anonymous_9)","decl":{"start":{"line":73,"column":20},"end":{"line":73,"column":21}},"loc":{"start":{"line":73,"column":40},"end":{"line":73,"column":61}},"line":73},"10":{"name":"voterResults","decl":{"start":{"line":85,"column":9},"end":{"line":85,"column":21}},"loc":{"start":{"line":85,"column":27},"end":{"line":112,"column":1}},"line":85},"11":{"name":"(anonymous_11)","decl":{"start":{"line":87,"column":4},"end":{"line":87,"column":5}},"loc":{"start":{"line":87,"column":23},"end":{"line":102,"column":5}},"line":87},"12":{"name":"reduceTest","decl":{"start":{"line":146,"column":9},"end":{"line":146,"column":19}},"loc":{"start":{"line":146,"column":51},"end":{"line":165,"column":1}},"line":146},"13":{"name":"(anonymous_13)","decl":{"start":{"line":169,"column":30},"end":{"line":169,"column":31}},"loc":{"start":{"line":169,"column":47},"end":{"line":169,"column":59}},"line":169},"14":{"name":"(anonymous_14)","decl":{"start":{"line":176,"column":4},"end":{"line":176,"column":5}},"loc":{"start":{"line":176,"column":23},"end":{"line":191,"column":5}},"line":176},"15":{"name":"ReverseTest","decl":{"start":{"line":208,"column":9},"end":{"line":208,"column":20}},"loc":{"start":{"line":208,"column":31},"end":{"line":213,"column":1}},"line":208},"16":{"name":"(anonymous_16)","decl":{"start":{"line":210,"column":4},"end":{"line":210,"column":5}},"loc":{"start":{"line":210,"column":26},"end":{"line":210,"column":59}},"line":210},"17":{"name":"mergeMapandFilterTest","decl":{"start":{"line":221,"column":9},"end":{"line":221,"column":30}},"loc":{"start":{"line":221,"column":41},"end":{"line":226,"column":1}},"line":221},"18":{"name":"(anonymous_18)","decl":{"start":{"line":223,"column":4},"end":{"line":223,"column":5}},"loc":{"start":{"line":223,"column":26},"end":{"line":223,"column":77}},"line":223}},"branchMap":{"0":{"loc":{"start":{"line":28,"column":4},"end":{"line":28,"column":35}},"type":"if","locations":[{"start":{"line":28,"column":4},"end":{"line":28,"column":35}},{"start":{},"end":{}}],"line":28},"1":{"loc":{"start":{"line":88,"column":6},"end":{"line":91,"column":7}},"type":"if","locations":[{"start":{"line":88,"column":6},"end":{"line":91,"column":7}},{"start":{},"end":{}}],"line":88},"2":{"loc":{"start":{"line":88,"column":10},"end":{"line":88,"column":42}},"type":"binary-expr","locations":[{"start":{"line":88,"column":10},"end":{"line":88,"column":24}},{"start":{"line":88,"column":28},"end":{"line":88,"column":42}}],"line":88},"3":{"loc":{"start":{"line":90,"column":8},"end":{"line":90,"column":51}},"type":"if","locations":[{"start":{"line":90,"column":8},"end":{"line":90,"column":51}},{"start":{},"end":{}}],"line":90},"4":{"loc":{"start":{"line":92,"column":6},"end":{"line":95,"column":7}},"type":"if","locations":[{"start":{"line":92,"column":6},"end":{"line":95,"column":7}},{"start":{},"end":{}}],"line":92},"5":{"loc":{"start":{"line":92,"column":10},"end":{"line":92,"column":42}},"type":"binary-expr","locations":[{"start":{"line":92,"column":10},"end":{"line":92,"column":24}},{"start":{"line":92,"column":28},"end":{"line":92,"column":42}}],"line":92},"6":{"loc":{"start":{"line":94,"column":8},"end":{"line":94,"column":55}},"type":"if","locations":[{"start":{"line":94,"column":8},"end":{"line":94,"column":55}},{"start":{},"end":{}}],"line":94},"7":{"loc":{"start":{"line":96,"column":6},"end":{"line":99,"column":7}},"type":"if","locations":[{"start":{"line":96,"column":6},"end":{"line":99,"column":7}},{"start":{},"end":{}}],"line":96},"8":{"loc":{"start":{"line":96,"column":10},"end":{"line":96,"column":42}},"type":"binary-expr","locations":[{"start":{"line":96,"column":10},"end":{"line":96,"column":24}},{"start":{"line":96,"column":28},"end":{"line":96,"column":42}}],"line":96},"9":{"loc":{"start":{"line":98,"column":8},"end":{"line":98,"column":55}},"type":"if","locations":[{"start":{"line":98,"column":8},"end":{"line":98,"column":55}},{"start":{},"end":{}}],"line":98},"10":{"loc":{"start":{"line":147,"column":2},"end":{"line":148,"column":42}},"type":"if","locations":[{"start":{"line":147,"column":2},"end":{"line":148,"column":42}},{"start":{},"end":{}}],"line":147},"11":{"loc":{"start":{"line":147,"column":6},"end":{"line":147,"column":61}},"type":"binary-expr","locations":[{"start":{"line":147,"column":6},"end":{"line":147,"column":25}},{"start":{"line":147,"column":29},"end":{"line":147,"column":61}}],"line":147},"12":{"loc":{"start":{"line":150,"column":2},"end":{"line":155,"column":3}},"type":"if","locations":[{"start":{"line":150,"column":2},"end":{"line":155,"column":3}},{"start":{},"end":{}}],"line":150},"13":{"loc":{"start":{"line":151,"column":4},"end":{"line":152,"column":68}},"type":"if","locations":[{"start":{"line":151,"column":4},"end":{"line":152,"column":68}},{"start":{},"end":{}}],"line":151},"14":{"loc":{"start":{"line":157,"column":21},"end":{"line":157,"column":44}},"type":"cond-expr","locations":[{"start":{"line":157,"column":39},"end":{"line":157,"column":40}},{"start":{"line":157,"column":43},"end":{"line":157,"column":44}}],"line":157},"15":{"loc":{"start":{"line":158,"column":20},"end":{"line":158,"column":70}},"type":"cond-expr","locations":[{"start":{"line":158,"column":49},"end":{"line":158,"column":61}},{"start":{"line":158,"column":64},"end":{"line":158,"column":70}}],"line":158},"16":{"loc":{"start":{"line":177,"column":6},"end":{"line":180,"column":7}},"type":"if","locations":[{"start":{"line":177,"column":6},"end":{"line":180,"column":7}},{"start":{},"end":{}}],"line":177},"17":{"loc":{"start":{"line":177,"column":10},"end":{"line":177,"column":42}},"type":"binary-expr","locations":[{"start":{"line":177,"column":10},"end":{"line":177,"column":24}},{"start":{"line":177,"column":28},"end":{"line":177,"column":42}}],"line":177},"18":{"loc":{"start":{"line":179,"column":8},"end":{"line":179,"column":51}},"type":"if","locations":[{"start":{"line":179,"column":8},"end":{"line":179,"column":51}},{"start":{},"end":{}}],"line":179},"19":{"loc":{"start":{"line":181,"column":6},"end":{"line":184,"column":7}},"type":"if","locations":[{"start":{"line":181,"column":6},"end":{"line":184,"column":7}},{"start":{},"end":{}}],"line":181},"20":{"loc":{"start":{"line":181,"column":10},"end":{"line":181,"column":42}},"type":"binary-expr","locations":[{"start":{"line":181,"column":10},"end":{"line":181,"column":24}},{"start":{"line":181,"column":28},"end":{"line":181,"column":42}}],"line":181},"21":{"loc":{"start":{"line":183,"column":8},"end":{"line":183,"column":55}},"type":"if","locations":[{"start":{"line":183,"column":8},"end":{"line":183,"column":55}},{"start":{},"end":{}}],"line":183},"22":{"loc":{"start":{"line":185,"column":6},"end":{"line":188,"column":7}},"type":"if","locations":[{"start":{"line":185,"column":6},"end":{"line":188,"column":7}},{"start":{},"end":{}}],"line":185},"23":{"loc":{"start":{"line":185,"column":10},"end":{"line":185,"column":42}},"type":"binary-expr","locations":[{"start":{"line":185,"column":10},"end":{"line":185,"column":24}},{"start":{"line":185,"column":28},"end":{"line":185,"column":42}}],"line":185},"24":{"loc":{"start":{"line":187,"column":8},"end":{"line":187,"column":55}},"type":"if","locations":[{"start":{"line":187,"column":8},"end":{"line":187,"column":55}},{"start":{},"end":{}}],"line":187},"25":{"loc":{"start":{"line":208,"column":21},"end":{"line":208,"column":29}},"type":"default-arg","locations":[{"start":{"line":208,"column":27},"end":{"line":208,"column":29}}],"line":208},"26":{"loc":{"start":{"line":221,"column":31},"end":{"line":221,"column":39}},"type":"default-arg","locations":[{"start":{"line":221,"column":37},"end":{"line":221,"column":39}}],"line":221},"27":{"loc":{"start":{"line":223,"column":26},"end":{"line":223,"column":77}},"type":"cond-expr","locations":[{"start":{"line":223,"column":42},"end":{"line":223,"column":66}},{"start":{"line":223,"column":69},"end":{"line":223,"column":77}}],"line":223}},"s":{"0":2,"1":6,"2":1,"3":2,"4":11,"5":1,"6":1,"7":12,"8":7,"9":12,"10":1,"11":1,"12":1,"13":5,"14":1,"15":1,"16":1,"17":3,"18":1,"19":1,"20":1,"21":12,"22":4,"23":4,"24":1,"25":12,"26":4,"27":4,"28":3,"29":12,"30":4,"31":4,"32":3,"33":12,"34":1,"35":1,"36":2,"37":0,"38":2,"39":0,"40":0,"41":0,"42":2,"43":2,"44":2,"45":2,"46":2,"47":16,"48":2,"49":1,"50":4,"51":1,"52":12,"53":4,"54":4,"55":1,"56":12,"57":4,"58":4,"59":3,"60":12,"61":4,"62":4,"63":3,"64":12,"65":1,"66":5,"67":1,"68":1,"69":5,"70":1},"f":{"0":2,"1":6,"2":2,"3":11,"4":1,"5":12,"6":1,"7":5,"8":1,"9":3,"10":1,"11":12,"12":2,"13":4,"14":12,"15":1,"16":5,"17":1,"18":5},"b":{"0":[7,5],"1":[4,8],"2":[12,12],"3":[1,3],"4":[4,8],"5":[12,8],"6":[3,1],"7":[4,8],"8":[12,4],"9":[3,1],"10":[0,2],"11":[2,2],"12":[0,2],"13":[0,0],"14":[1,1],"15":[1,1],"16":[4,8],"17":[12,12],"18":[1,3],"19":[4,8],"20":[12,8],"21":[3,1],"22":[4,8],"23":[12,4],"24":[3,1],"25":[0],"26":[0],"27":[3,2]},"_coverageSchema":"1a1c01bbd47fc00a2c39e90264f33305004495a9","hash":"b96ceac8b0d503afded5fb85d36d61ad2a4c3c3a"}
,"/Users/anh.nt/Desktop/Code/javascript/Study/javascript-fundamental/src/test/lab-unitTest.js": {"path":"/Users/anh.nt/Desktop/Code/javascript/Study/javascript-fundamental/src/test/lab-unitTest.js","statementMap":{"0":{"start":{"line":2,"column":2},"end":{"line":2,"column":51}},"1":{"start":{"line":2,"column":29},"end":{"line":2,"column":51}},"2":{"start":{"line":4,"column":2},"end":{"line":4,"column":37}},"3":{"start":{"line":4,"column":17},"end":{"line":4,"column":37}},"4":{"start":{"line":5,"column":2},"end":{"line":5,"column":31}},"5":{"start":{"line":5,"column":17},"end":{"line":5,"column":31}},"6":{"start":{"line":6,"column":2},"end":{"line":6,"column":35}},"7":{"start":{"line":6,"column":17},"end":{"line":6,"column":35}},"8":{"start":{"line":8,"column":2},"end":{"line":8,"column":15}}},"fnMap":{"0":{"name":"classifyStudentV3","decl":{"start":{"line":1,"column":16},"end":{"line":1,"column":33}},"loc":{"start":{"line":1,"column":40},"end":{"line":9,"column":1}},"line":1}},"branchMap":{"0":{"loc":{"start":{"line":2,"column":2},"end":{"line":2,"column":51}},"type":"if","locations":[{"start":{"line":2,"column":2},"end":{"line":2,"column":51}},{"start":{},"end":{}}],"line":2},"1":{"loc":{"start":{"line":2,"column":6},"end":{"line":2,"column":27}},"type":"binary-expr","locations":[{"start":{"line":2,"column":6},"end":{"line":2,"column":14}},{"start":{"line":2,"column":18},"end":{"line":2,"column":27}}],"line":2},"2":{"loc":{"start":{"line":4,"column":2},"end":{"line":4,"column":37}},"type":"if","locations":[{"start":{"line":4,"column":2},"end":{"line":4,"column":37}},{"start":{},"end":{}}],"line":4},"3":{"loc":{"start":{"line":5,"column":2},"end":{"line":5,"column":31}},"type":"if","locations":[{"start":{"line":5,"column":2},"end":{"line":5,"column":31}},{"start":{},"end":{}}],"line":5},"4":{"loc":{"start":{"line":6,"column":2},"end":{"line":6,"column":35}},"type":"if","locations":[{"start":{"line":6,"column":2},"end":{"line":6,"column":35}},{"start":{},"end":{}}],"line":6}},"s":{"0":11,"1":2,"2":9,"3":3,"4":6,"5":1,"6":5,"7":1,"8":4},"f":{"0":11},"b":{"0":[2,9],"1":[11,10],"2":[3,6],"3":[1,5],"4":[1,4]},"_coverageSchema":"1a1c01bbd47fc00a2c39e90264f33305004495a9","hash":"46e078365b87b9c3567f4eb4c39321b2c79d1152"}
}
