{"/Users/anh.nt/Desktop/Code/javascript/Study/javascript-fundamental/main.js": {"path":"/Users/anh.nt/Desktop/Code/javascript/Study/javascript-fundamental/main.js","statementMap":{"0":{"start":{"line":2,"column":2},"end":{"line":2,"column":15}}},"fnMap":{"0":{"name":"sum","decl":{"start":{"line":1,"column":16},"end":{"line":1,"column":19}},"loc":{"start":{"line":1,"column":26},"end":{"line":3,"column":1}},"line":1}},"branchMap":{},"s":{"0":1},"f":{"0":1},"b":{},"_coverageSchema":"1a1c01bbd47fc00a2c39e90264f33305004495a9","hash":"1ade055c498a8d093cee5121584f1b08ff497d38"}
,"/Users/anh.nt/Desktop/Code/javascript/Study/javascript-fundamental/src/lab-reduce.js": {"path":"/Users/anh.nt/Desktop/Code/javascript/Study/javascript-fundamental/src/lab-reduce.js","statementMap":{"0":{"start":{"line":7,"column":2},"end":{"line":7,"column":52}},"1":{"start":{"line":7,"column":36},"end":{"line":7,"column":47}},"2":{"start":{"line":10,"column":0},"end":{"line":10,"column":41}},"3":{"start":{"line":17,"column":2},"end":{"line":17,"column":62}},"4":{"start":{"line":17,"column":40},"end":{"line":17,"column":55}},"5":{"start":{"line":20,"column":0},"end":{"line":20,"column":63}},"6":{"start":{"line":27,"column":2},"end":{"line":30,"column":8}},"7":{"start":{"line":28,"column":4},"end":{"line":28,"column":35}},"8":{"start":{"line":28,"column":21},"end":{"line":28,"column":35}},"9":{"start":{"line":29,"column":4},"end":{"line":29,"column":20}},"10":{"start":{"line":33,"column":15},"end":{"line":46,"column":1}},"11":{"start":{"line":47,"column":0},"end":{"line":47,"column":43}},"12":{"start":{"line":54,"column":2},"end":{"line":54,"column":69}},"13":{"start":{"line":54,"column":41},"end":{"line":54,"column":63}},"14":{"start":{"line":57,"column":15},"end":{"line":63,"column":1}},"15":{"start":{"line":65,"column":0},"end":{"line":65,"column":48}},"16":{"start":{"line":73,"column":2},"end":{"line":73,"column":67}},"17":{"start":{"line":73,"column":40},"end":{"line":73,"column":61}},"18":{"start":{"line":76,"column":13},"end":{"line":76,"column":49}},"19":{"start":{"line":78,"column":0},"end":{"line":78,"column":40}},"20":{"start":{"line":86,"column":2},"end":{"line":111,"column":4}},"21":{"start":{"line":88,"column":6},"end":{"line":91,"column":7}},"22":{"start":{"line":89,"column":8},"end":{"line":89,"column":36}},"23":{"start":{"line":90,"column":8},"end":{"line":90,"column":51}},"24":{"start":{"line":90,"column":24},"end":{"line":90,"column":51}},"25":{"start":{"line":92,"column":6},"end":{"line":95,"column":7}},"26":{"start":{"line":93,"column":8},"end":{"line":93,"column":35}},"27":{"start":{"line":94,"column":8},"end":{"line":94,"column":55}},"28":{"start":{"line":94,"column":24},"end":{"line":94,"column":55}},"29":{"start":{"line":96,"column":6},"end":{"line":99,"column":7}},"30":{"start":{"line":97,"column":8},"end":{"line":97,"column":35}},"31":{"start":{"line":98,"column":8},"end":{"line":98,"column":55}},"32":{"start":{"line":98,"column":24},"end":{"line":98,"column":55}},"33":{"start":{"line":101,"column":6},"end":{"line":101,"column":21}},"34":{"start":{"line":114,"column":19},"end":{"line":127,"column":1}},"35":{"start":{"line":129,"column":0},"end":{"line":129,"column":51}},"36":{"start":{"line":147,"column":2},"end":{"line":148,"column":42}},"37":{"start":{"line":148,"column":4},"end":{"line":148,"column":42}},"38":{"start":{"line":150,"column":2},"end":{"line":155,"column":3}},"39":{"start":{"line":151,"column":4},"end":{"line":152,"column":68}},"40":{"start":{"line":152,"column":6},"end":{"line":152,"column":68}},"41":{"start":{"line":154,"column":4},"end":{"line":154,"column":24}},"42":{"start":{"line":156,"column":26},"end":{"line":156,"column":52}},"43":{"start":{"line":157,"column":21},"end":{"line":157,"column":44}},"44":{"start":{"line":158,"column":20},"end":{"line":158,"column":70}},"45":{"start":{"line":160,"column":2},"end":{"line":162,"column":3}},"46":{"start":{"line":160,"column":15},"end":{"line":160,"column":25}},"47":{"start":{"line":161,"column":4},"end":{"line":161,"column":53}},"48":{"start":{"line":164,"column":2},"end":{"line":164,"column":21}},"49":{"start":{"line":167,"column":0},"end":{"line":170,"column":2}},"50":{"start":{"line":169,"column":47},"end":{"line":169,"column":59}},"51":{"start":{"line":172,"column":0},"end":{"line":201,"column":2}},"52":{"start":{"line":177,"column":6},"end":{"line":180,"column":7}},"53":{"start":{"line":178,"column":8},"end":{"line":178,"column":36}},"54":{"start":{"line":179,"column":8},"end":{"line":179,"column":51}},"55":{"start":{"line":179,"column":24},"end":{"line":179,"column":51}},"56":{"start":{"line":181,"column":6},"end":{"line":184,"column":7}},"57":{"start":{"line":182,"column":8},"end":{"line":182,"column":35}},"58":{"start":{"line":183,"column":8},"end":{"line":183,"column":55}},"59":{"start":{"line":183,"column":24},"end":{"line":183,"column":55}},"60":{"start":{"line":185,"column":6},"end":{"line":188,"column":7}},"61":{"start":{"line":186,"column":8},"end":{"line":186,"column":35}},"62":{"start":{"line":187,"column":8},"end":{"line":187,"column":55}},"63":{"start":{"line":187,"column":24},"end":{"line":187,"column":55}},"64":{"start":{"line":190,"column":6},"end":{"line":190,"column":21}},"65":{"start":{"line":209,"column":2},"end":{"line":212,"column":4}},"66":{"start":{"line":210,"column":26},"end":{"line":210,"column":59}},"67":{"start":{"line":214,"column":0},"end":{"line":214,"column":53}},"68":{"start":{"line":222,"column":2},"end":{"line":225,"column":4}},"69":{"start":{"line":223,"column":26},"end":{"line":223,"column":77}},"70":{"start":{"line":227,"column":0},"end":{"line":227,"column":63}}},"fnMap":{"0":{"name":"total","decl":{"start":{"line":5,"column":16},"end":{"line":5,"column":21}},"loc":{"start":{"line":5,"column":27},"end":{"line":8,"column":1}},"line":5},"1":{"name":"(anonymous_1)","decl":{"start":{"line":7,"column":20},"end":{"line":7,"column":21}},"loc":{"start":{"line":7,"column":36},"end":{"line":7,"column":47}},"line":7},"2":{"name":"stringConcat","decl":{"start":{"line":16,"column":16},"end":{"line":16,"column":28}},"loc":{"start":{"line":16,"column":34},"end":{"line":18,"column":1}},"line":16},"3":{"name":"(anonymous_3)","decl":{"start":{"line":17,"column":20},"end":{"line":17,"column":21}},"loc":{"start":{"line":17,"column":40},"end":{"line":17,"column":55}},"line":17},"4":{"name":"totalVotes","decl":{"start":{"line":26,"column":9},"end":{"line":26,"column":19}},"loc":{"start":{"line":26,"column":25},"end":{"line":31,"column":1}},"line":26},"5":{"name":"(anonymous_5)","decl":{"start":{"line":27,"column":20},"end":{"line":27,"column":21}},"loc":{"start":{"line":27,"column":41},"end":{"line":30,"column":3}},"line":27},"6":{"name":"shoppingSpree","decl":{"start":{"line":53,"column":9},"end":{"line":53,"column":22}},"loc":{"start":{"line":53,"column":28},"end":{"line":55,"column":1}},"line":53},"7":{"name":"(anonymous_7)","decl":{"start":{"line":54,"column":20},"end":{"line":54,"column":21}},"loc":{"start":{"line":54,"column":41},"end":{"line":54,"column":63}},"line":54},"8":{"name":"flatten","decl":{"start":{"line":71,"column":9},"end":{"line":71,"column":16}},"loc":{"start":{"line":71,"column":22},"end":{"line":74,"column":1}},"line":71},"9":{"name":"(anonymous_9)","decl":{"start":{"line":73,"column":20},"end":{"line":73,"column":21}},"loc":{"start":{"line":73,"column":40},"end":{"line":73,"column":61}},"line":73},"10":{"name":"voterResults","decl":{"start":{"line":85,"column":9},"end":{"line":85,"column":21}},"loc":{"start":{"line":85,"column":27},"end":{"line":112,"column":1}},"line":85},"11":{"name":"(anonymous_11)","decl":{"start":{"line":87,"column":4},"end":{"line":87,"column":5}},"loc":{"start":{"line":87,"column":23},"end":{"line":102,"column":5}},"line":87},"12":{"name":"reduceTest","decl":{"start":{"line":146,"column":9},"end":{"line":146,"column":19}},"loc":{"start":{"line":146,"column":51},"end":{"line":165,"column":1}},"line":146},"13":{"name":"(anonymous_13)","decl":{"start":{"line":169,"column":30},"end":{"line":169,"column":31}},"loc":{"start":{"line":169,"column":47},"end":{"line":169,"column":59}},"line":169},"14":{"name":"(anonymous_14)","decl":{"start":{"line":176,"column":4},"end":{"line":176,"column":5}},"loc":{"start":{"line":176,"column":23},"end":{"line":191,"column":5}},"line":176},"15":{"name":"ReverseTest","decl":{"start":{"line":208,"column":9},"end":{"line":208,"column":20}},"loc":{"start":{"line":208,"column":31},"end":{"line":213,"column":1}},"line":208},"16":{"name":"(anonymous_16)","decl":{"start":{"line":210,"column":4},"end":{"line":210,"column":5}},"loc":{"start":{"line":210,"column":26},"end":{"line":210,"column":59}},"line":210},"17":{"name":"mergeMapandFilterTest","decl":{"start":{"line":221,"column":9},"end":{"line":221,"column":30}},"loc":{"start":{"line":221,"column":41},"end":{"line":226,"column":1}},"line":221},"18":{"name":"(anonymous_18)","decl":{"start":{"line":223,"column":4},"end":{"line":223,"column":5}},"loc":{"start":{"line":223,"column":26},"end":{"line":223,"column":77}},"line":223}},"branchMap":{"0":{"loc":{"start":{"line":28,"column":4},"end":{"line":28,"column":35}},"type":"if","locations":[{"start":{"line":28,"column":4},"end":{"line":28,"column":35}},{"start":{},"end":{}}],"line":28},"1":{"loc":{"start":{"line":88,"column":6},"end":{"line":91,"column":7}},"type":"if","locations":[{"start":{"line":88,"column":6},"end":{"line":91,"column":7}},{"start":{},"end":{}}],"line":88},"2":{"loc":{"start":{"line":88,"column":10},"end":{"line":88,"column":42}},"type":"binary-expr","locations":[{"start":{"line":88,"column":10},"end":{"line":88,"column":24}},{"start":{"line":88,"column":28},"end":{"line":88,"column":42}}],"line":88},"3":{"loc":{"start":{"line":90,"column":8},"end":{"line":90,"column":51}},"type":"if","locations":[{"start":{"line":90,"column":8},"end":{"line":90,"column":51}},{"start":{},"end":{}}],"line":90},"4":{"loc":{"start":{"line":92,"column":6},"end":{"line":95,"column":7}},"type":"if","locations":[{"start":{"line":92,"column":6},"end":{"line":95,"column":7}},{"start":{},"end":{}}],"line":92},"5":{"loc":{"start":{"line":92,"column":10},"end":{"line":92,"column":42}},"type":"binary-expr","locations":[{"start":{"line":92,"column":10},"end":{"line":92,"column":24}},{"start":{"line":92,"column":28},"end":{"line":92,"column":42}}],"line":92},"6":{"loc":{"start":{"line":94,"column":8},"end":{"line":94,"column":55}},"type":"if","locations":[{"start":{"line":94,"column":8},"end":{"line":94,"column":55}},{"start":{},"end":{}}],"line":94},"7":{"loc":{"start":{"line":96,"column":6},"end":{"line":99,"column":7}},"type":"if","locations":[{"start":{"line":96,"column":6},"end":{"line":99,"column":7}},{"start":{},"end":{}}],"line":96},"8":{"loc":{"start":{"line":96,"column":10},"end":{"line":96,"column":42}},"type":"binary-expr","locations":[{"start":{"line":96,"column":10},"end":{"line":96,"column":24}},{"start":{"line":96,"column":28},"end":{"line":96,"column":42}}],"line":96},"9":{"loc":{"start":{"line":98,"column":8},"end":{"line":98,"column":55}},"type":"if","locations":[{"start":{"line":98,"column":8},"end":{"line":98,"column":55}},{"start":{},"end":{}}],"line":98},"10":{"loc":{"start":{"line":147,"column":2},"end":{"line":148,"column":42}},"type":"if","locations":[{"start":{"line":147,"column":2},"end":{"line":148,"column":42}},{"start":{},"end":{}}],"line":147},"11":{"loc":{"start":{"line":147,"column":6},"end":{"line":147,"column":61}},"type":"binary-expr","locations":[{"start":{"line":147,"column":6},"end":{"line":147,"column":25}},{"start":{"line":147,"column":29},"end":{"line":147,"column":61}}],"line":147},"12":{"loc":{"start":{"line":150,"column":2},"end":{"line":155,"column":3}},"type":"if","locations":[{"start":{"line":150,"column":2},"end":{"line":155,"column":3}},{"start":{},"end":{}}],"line":150},"13":{"loc":{"start":{"line":151,"column":4},"end":{"line":152,"column":68}},"type":"if","locations":[{"start":{"line":151,"column":4},"end":{"line":152,"column":68}},{"start":{},"end":{}}],"line":151},"14":{"loc":{"start":{"line":157,"column":21},"end":{"line":157,"column":44}},"type":"cond-expr","locations":[{"start":{"line":157,"column":39},"end":{"line":157,"column":40}},{"start":{"line":157,"column":43},"end":{"line":157,"column":44}}],"line":157},"15":{"loc":{"start":{"line":158,"column":20},"end":{"line":158,"column":70}},"type":"cond-expr","locations":[{"start":{"line":158,"column":49},"end":{"line":158,"column":61}},{"start":{"line":158,"column":64},"end":{"line":158,"column":70}}],"line":158},"16":{"loc":{"start":{"line":177,"column":6},"end":{"line":180,"column":7}},"type":"if","locations":[{"start":{"line":177,"column":6},"end":{"line":180,"column":7}},{"start":{},"end":{}}],"line":177},"17":{"loc":{"start":{"line":177,"column":10},"end":{"line":177,"column":42}},"type":"binary-expr","locations":[{"start":{"line":177,"column":10},"end":{"line":177,"column":24}},{"start":{"line":177,"column":28},"end":{"line":177,"column":42}}],"line":177},"18":{"loc":{"start":{"line":179,"column":8},"end":{"line":179,"column":51}},"type":"if","locations":[{"start":{"line":179,"column":8},"end":{"line":179,"column":51}},{"start":{},"end":{}}],"line":179},"19":{"loc":{"start":{"line":181,"column":6},"end":{"line":184,"column":7}},"type":"if","locations":[{"start":{"line":181,"column":6},"end":{"line":184,"column":7}},{"start":{},"end":{}}],"line":181},"20":{"loc":{"start":{"line":181,"column":10},"end":{"line":181,"column":42}},"type":"binary-expr","locations":[{"start":{"line":181,"column":10},"end":{"line":181,"column":24}},{"start":{"line":181,"column":28},"end":{"line":181,"column":42}}],"line":181},"21":{"loc":{"start":{"line":183,"column":8},"end":{"line":183,"column":55}},"type":"if","locations":[{"start":{"line":183,"column":8},"end":{"line":183,"column":55}},{"start":{},"end":{}}],"line":183},"22":{"loc":{"start":{"line":185,"column":6},"end":{"line":188,"column":7}},"type":"if","locations":[{"start":{"line":185,"column":6},"end":{"line":188,"column":7}},{"start":{},"end":{}}],"line":185},"23":{"loc":{"start":{"line":185,"column":10},"end":{"line":185,"column":42}},"type":"binary-expr","locations":[{"start":{"line":185,"column":10},"end":{"line":185,"column":24}},{"start":{"line":185,"column":28},"end":{"line":185,"column":42}}],"line":185},"24":{"loc":{"start":{"line":187,"column":8},"end":{"line":187,"column":55}},"type":"if","locations":[{"start":{"line":187,"column":8},"end":{"line":187,"column":55}},{"start":{},"end":{}}],"line":187},"25":{"loc":{"start":{"line":208,"column":21},"end":{"line":208,"column":29}},"type":"default-arg","locations":[{"start":{"line":208,"column":27},"end":{"line":208,"column":29}}],"line":208},"26":{"loc":{"start":{"line":221,"column":31},"end":{"line":221,"column":39}},"type":"default-arg","locations":[{"start":{"line":221,"column":37},"end":{"line":221,"column":39}}],"line":221},"27":{"loc":{"start":{"line":223,"column":26},"end":{"line":223,"column":77}},"type":"cond-expr","locations":[{"start":{"line":223,"column":42},"end":{"line":223,"column":66}},{"start":{"line":223,"column":69},"end":{"line":223,"column":77}}],"line":223}},"s":{"0":2,"1":6,"2":1,"3":2,"4":11,"5":1,"6":1,"7":12,"8":7,"9":12,"10":1,"11":1,"12":1,"13":5,"14":1,"15":1,"16":1,"17":3,"18":1,"19":1,"20":1,"21":12,"22":4,"23":4,"24":1,"25":12,"26":4,"27":4,"28":3,"29":12,"30":4,"31":4,"32":3,"33":12,"34":1,"35":1,"36":2,"37":0,"38":2,"39":0,"40":0,"41":0,"42":2,"43":2,"44":2,"45":2,"46":2,"47":16,"48":2,"49":1,"50":4,"51":1,"52":12,"53":4,"54":4,"55":1,"56":12,"57":4,"58":4,"59":3,"60":12,"61":4,"62":4,"63":3,"64":12,"65":1,"66":5,"67":1,"68":1,"69":5,"70":1},"f":{"0":2,"1":6,"2":2,"3":11,"4":1,"5":12,"6":1,"7":5,"8":1,"9":3,"10":1,"11":12,"12":2,"13":4,"14":12,"15":1,"16":5,"17":1,"18":5},"b":{"0":[7,5],"1":[4,8],"2":[12,12],"3":[1,3],"4":[4,8],"5":[12,8],"6":[3,1],"7":[4,8],"8":[12,4],"9":[3,1],"10":[0,2],"11":[2,2],"12":[0,2],"13":[0,0],"14":[1,1],"15":[1,1],"16":[4,8],"17":[12,12],"18":[1,3],"19":[4,8],"20":[12,8],"21":[3,1],"22":[4,8],"23":[12,4],"24":[3,1],"25":[0],"26":[0],"27":[3,2]},"_coverageSchema":"1a1c01bbd47fc00a2c39e90264f33305004495a9","hash":"afdda633944ab9c6b8ea0ed97ec38f0ba9a61037"}
,"/Users/anh.nt/Desktop/Code/javascript/Study/javascript-fundamental/src/lab-unitTest.js": {"path":"/Users/anh.nt/Desktop/Code/javascript/Study/javascript-fundamental/src/lab-unitTest.js","statementMap":{"0":{"start":{"line":2,"column":2},"end":{"line":2,"column":51}},"1":{"start":{"line":2,"column":29},"end":{"line":2,"column":51}},"2":{"start":{"line":4,"column":2},"end":{"line":4,"column":37}},"3":{"start":{"line":4,"column":17},"end":{"line":4,"column":37}},"4":{"start":{"line":5,"column":2},"end":{"line":5,"column":31}},"5":{"start":{"line":5,"column":17},"end":{"line":5,"column":31}},"6":{"start":{"line":6,"column":2},"end":{"line":6,"column":35}},"7":{"start":{"line":6,"column":17},"end":{"line":6,"column":35}},"8":{"start":{"line":8,"column":2},"end":{"line":8,"column":15}}},"fnMap":{"0":{"name":"classifyStudentV3","decl":{"start":{"line":1,"column":16},"end":{"line":1,"column":33}},"loc":{"start":{"line":1,"column":40},"end":{"line":9,"column":1}},"line":1}},"branchMap":{"0":{"loc":{"start":{"line":2,"column":2},"end":{"line":2,"column":51}},"type":"if","locations":[{"start":{"line":2,"column":2},"end":{"line":2,"column":51}},{"start":{},"end":{}}],"line":2},"1":{"loc":{"start":{"line":2,"column":6},"end":{"line":2,"column":27}},"type":"binary-expr","locations":[{"start":{"line":2,"column":6},"end":{"line":2,"column":14}},{"start":{"line":2,"column":18},"end":{"line":2,"column":27}}],"line":2},"2":{"loc":{"start":{"line":4,"column":2},"end":{"line":4,"column":37}},"type":"if","locations":[{"start":{"line":4,"column":2},"end":{"line":4,"column":37}},{"start":{},"end":{}}],"line":4},"3":{"loc":{"start":{"line":5,"column":2},"end":{"line":5,"column":31}},"type":"if","locations":[{"start":{"line":5,"column":2},"end":{"line":5,"column":31}},{"start":{},"end":{}}],"line":5},"4":{"loc":{"start":{"line":6,"column":2},"end":{"line":6,"column":35}},"type":"if","locations":[{"start":{"line":6,"column":2},"end":{"line":6,"column":35}},{"start":{},"end":{}}],"line":6}},"s":{"0":11,"1":2,"2":9,"3":3,"4":6,"5":1,"6":5,"7":1,"8":4},"f":{"0":11},"b":{"0":[2,9],"1":[11,10],"2":[3,6],"3":[1,5],"4":[1,4]},"_coverageSchema":"1a1c01bbd47fc00a2c39e90264f33305004495a9","hash":"6a7e90692327b45dc431dc16af258dd9d06551ad"}
}
