TN:
SF:main.js
FN:1,sum
FNF:1
FNH:1
FNDA:1,sum
DA:2,1
LF:1
LH:1
BRF:0
BRH:0
end_of_record
TN:
SF:practice/01-array-check/index.js
FN:10,isAlice
FN:25,hasAlice
FNF:2
FNH:2
FNDA:6,isAlice
FNDA:4,hasAlice
DA:11,6
DA:12,6
DA:13,6
DA:15,6
DA:26,4
DA:28,3
DA:31,1
LF:7
LH:7
BRDA:11,0,0,0
BRDA:11,0,1,6
BRDA:11,1,0,6
BRDA:11,1,1,6
BRDA:16,2,0,6
BRDA:16,2,1,3
BRDA:26,3,0,1
BRDA:26,3,1,3
BRDA:26,4,0,4
BRDA:26,4,1,4
BRF:10
BRH:9
end_of_record
TN:
SF:practice/01-cal-S/index.js
FN:7,calculateSum
FN:21,calculateSumV2
FNF:2
FNH:2
FNDA:8,calculateSum
FNDA:7,calculateSumV2
DA:8,8
DA:10,6
DA:11,6
DA:12,126
DA:14,6
DA:22,7
DA:23,5
DA:26,1
LF:8
LH:8
BRDA:8,0,0,2
BRDA:8,0,1,6
BRDA:22,1,0,2
BRDA:22,1,1,5
BRF:4
BRH:4
end_of_record
TN:
SF:practice/01-number/index.js
FN:7,isIncreasingNumber
FN:16,isIncreasingNumberV2
FNF:2
FNH:2
FNDA:22,isIncreasingNumber
FNDA:23,isIncreasingNumberV2
DA:8,22
DA:10,10
DA:11,10
DA:12,22
DA:14,4
DA:17,23
DA:19,11
DA:20,11
DA:22,11
DA:23,34
DA:24,34
DA:26,28
DA:28,28
DA:31,5
DA:34,1
LF:15
LH:15
BRDA:8,0,0,12
BRDA:8,0,1,10
BRDA:8,1,0,22
BRDA:8,1,1,11
BRDA:12,2,0,6
BRDA:12,2,1,16
BRDA:17,3,0,12
BRDA:17,3,1,11
BRDA:17,4,0,23
BRDA:17,4,1,12
BRDA:24,5,0,6
BRDA:24,5,1,28
BRF:12
BRH:12
end_of_record
TN:
SF:practice/01-string/index.js
FN:4,statisticsWords
FN:10,(anonymous_1)
FN:11,(anonymous_2)
FN:20,statisticsWordsV2
FN:25,(anonymous_4)
FN:26,(anonymous_5)
FNF:6
FNH:6
FNDA:4,statisticsWords
FNDA:22,(anonymous_1)
FNDA:9,(anonymous_2)
FNDA:4,statisticsWordsV2
FNDA:22,(anonymous_4)
FNDA:9,(anonymous_5)
DA:5,4
DA:6,3
DA:8,3
DA:10,22
DA:12,9
DA:13,6
DA:16,3
DA:18,1
DA:21,4
DA:23,3
DA:25,22
DA:27,9
DA:31,9
DA:34,1
LF:14
LH:14
BRDA:5,0,0,1
BRDA:5,0,1,3
BRDA:5,1,0,4
BRDA:5,1,1,3
BRDA:12,2,0,3
BRDA:12,2,1,6
BRDA:21,3,0,1
BRDA:21,3,1,3
BRDA:21,4,0,4
BRDA:21,4,1,3
BRDA:27,5,0,3
BRDA:27,5,1,6
BRF:12
BRH:12
end_of_record
TN:
SF:practice/02-array-filter/index.js
FN:4,getFirstDigit
FN:14,findAllNumber
FN:26,(anonymous_2)
FNF:3
FNH:3
FNDA:10,getFirstDigit
FNDA:9,findAllNumber
FNDA:10,(anonymous_2)
DA:5,10
DA:6,10
DA:7,10
DA:15,9
DA:26,10
DA:28,1
LF:6
LH:6
BRDA:15,0,0,6
BRDA:15,0,1,3
BRDA:15,1,0,9
BRDA:15,1,1,4
BRF:4
BRH:4
end_of_record
TN:
SF:practice/02-cal-S/index.js
FN:7,calculateSum
FN:23,calculateSumV2
FNF:2
FNH:2
FNDA:9,calculateSum
FNDA:9,calculateSumV2
DA:8,9
DA:9,6
DA:10,6
DA:11,121
DA:13,6
DA:16,1
DA:24,9
DA:25,6
DA:28,1
LF:9
LH:9
BRDA:8,0,0,3
BRDA:8,0,1,6
BRDA:24,1,0,3
BRDA:24,1,1,6
BRF:4
BRH:4
end_of_record
TN:
SF:practice/03-cal-S/index.js
FN:7,calculateSum
FNF:1
FNH:1
FNDA:7,calculateSum
DA:8,7
DA:9,4
DA:10,4
DA:11,7
DA:13,4
DA:16,1
LF:6
LH:6
BRDA:8,0,0,3
BRDA:8,0,1,4
BRF:2
BRH:2
end_of_record
TN:
SF:practice/04-cal-S/index.js
FN:7,calculateSum
FNF:1
FNH:1
FNDA:5,calculateSum
DA:8,5
DA:9,3
DA:10,3
DA:11,43
DA:13,3
DA:16,1
LF:6
LH:6
BRDA:8,0,0,2
BRDA:8,0,1,3
BRF:2
BRH:2
end_of_record
TN:
SF:src/lab-reduce.js
FN:5,total
FN:7,(anonymous_1)
FN:16,stringConcat
FN:17,(anonymous_3)
FN:26,totalVotes
FN:27,(anonymous_5)
FN:53,shoppingSpree
FN:54,(anonymous_7)
FN:71,flatten
FN:73,(anonymous_9)
FN:85,voterResults
FN:87,(anonymous_11)
FN:146,reduceTest
FN:169,(anonymous_13)
FN:176,(anonymous_14)
FN:208,ReverseTest
FN:210,(anonymous_16)
FN:221,mergeMapandFilterTest
FN:223,(anonymous_18)
FNF:19
FNH:19
FNDA:2,total
FNDA:6,(anonymous_1)
FNDA:2,stringConcat
FNDA:11,(anonymous_3)
FNDA:1,totalVotes
FNDA:12,(anonymous_5)
FNDA:1,shoppingSpree
FNDA:5,(anonymous_7)
FNDA:1,flatten
FNDA:3,(anonymous_9)
FNDA:1,voterResults
FNDA:12,(anonymous_11)
FNDA:2,reduceTest
FNDA:4,(anonymous_13)
FNDA:12,(anonymous_14)
FNDA:1,ReverseTest
FNDA:5,(anonymous_16)
FNDA:1,mergeMapandFilterTest
FNDA:5,(anonymous_18)
DA:7,6
DA:10,1
DA:17,11
DA:20,1
DA:27,1
DA:28,12
DA:29,12
DA:33,1
DA:47,1
DA:54,5
DA:57,1
DA:65,1
DA:73,3
DA:76,1
DA:78,1
DA:86,1
DA:88,12
DA:89,4
DA:90,4
DA:92,12
DA:93,4
DA:94,4
DA:96,12
DA:97,4
DA:98,4
DA:101,12
DA:114,1
DA:129,1
DA:147,2
DA:148,0
DA:150,2
DA:151,0
DA:152,0
DA:154,0
DA:156,2
DA:157,2
DA:158,2
DA:160,2
DA:161,16
DA:164,2
DA:167,1
DA:169,4
DA:172,1
DA:177,12
DA:178,4
DA:179,4
DA:181,12
DA:182,4
DA:183,4
DA:185,12
DA:186,4
DA:187,4
DA:190,12
DA:209,1
DA:210,5
DA:214,1
DA:222,1
DA:223,5
DA:227,1
LF:59
LH:55
BRDA:28,0,0,7
BRDA:28,0,1,5
BRDA:88,1,0,4
BRDA:88,1,1,8
BRDA:88,2,0,12
BRDA:88,2,1,12
BRDA:90,3,0,1
BRDA:90,3,1,3
BRDA:92,4,0,4
BRDA:92,4,1,8
BRDA:92,5,0,12
BRDA:92,5,1,8
BRDA:94,6,0,3
BRDA:94,6,1,1
BRDA:96,7,0,4
BRDA:96,7,1,8
BRDA:96,8,0,12
BRDA:96,8,1,4
BRDA:98,9,0,3
BRDA:98,9,1,1
BRDA:147,10,0,0
BRDA:147,10,1,2
BRDA:147,11,0,2
BRDA:147,11,1,2
BRDA:150,12,0,0
BRDA:150,12,1,2
BRDA:151,13,0,0
BRDA:151,13,1,0
BRDA:157,14,0,1
BRDA:157,14,1,1
BRDA:158,15,0,1
BRDA:158,15,1,1
BRDA:177,16,0,4
BRDA:177,16,1,8
BRDA:177,17,0,12
BRDA:177,17,1,12
BRDA:179,18,0,1
BRDA:179,18,1,3
BRDA:181,19,0,4
BRDA:181,19,1,8
BRDA:181,20,0,12
BRDA:181,20,1,8
BRDA:183,21,0,3
BRDA:183,21,1,1
BRDA:185,22,0,4
BRDA:185,22,1,8
BRDA:185,23,0,12
BRDA:185,23,1,4
BRDA:187,24,0,3
BRDA:187,24,1,1
BRDA:208,25,0,0
BRDA:221,26,0,0
BRDA:223,27,0,3
BRDA:223,27,1,2
BRF:54
BRH:48
end_of_record
TN:
SF:src/lab-unitTest.js
FN:1,classifyStudentV3
FNF:1
FNH:1
FNDA:11,classifyStudentV3
DA:2,11
DA:4,9
DA:5,6
DA:6,5
DA:8,4
LF:5
LH:5
BRDA:2,0,0,2
BRDA:2,0,1,9
BRDA:2,1,0,11
BRDA:2,1,1,10
BRDA:4,2,0,3
BRDA:4,2,1,6
BRDA:5,3,0,1
BRDA:5,3,1,5
BRDA:6,4,0,1
BRDA:6,4,1,4
BRF:10
BRH:10
end_of_record
